#-----------------------------------------------------------
# Vivado v2018.2 (64-bit)
# SW Build 2258646 on Thu Jun 14 20:03:12 MDT 2018
# IP Build 2256618 on Thu Jun 14 22:10:49 MDT 2018
# Start of session at: Tue Sep 18 19:06:29 2018
# Process ID: 7672
# Current directory: C:/Users/wukan/Desktop/FPGA/Users/Student/8bit乘法计算器成品/times
# Command line: vivado.exe -gui_launcher_event rodinguilauncherevent3032 C:\Users\wukan\Desktop\FPGA\Users\Student\8bit乘法计算器成品\times\times.xpr
# Log file: C:/Users/wukan/Desktop/FPGA/Users/Student/8bit乘法计算器成品/times/vivado.log
# Journal file: C:/Users/wukan/Desktop/FPGA/Users/Student/8bit乘法计算器成品/times\vivado.jou
#-----------------------------------------------------------
start_gui
open_project -read_only C:/Users/wukan/Desktop/FPGA/Users/Student/8bit乘法计算器成品/times/times.xpr
INFO: [Project 1-313] Project file moved from 'D:/Users/Student/times' since last save.
Scanning sources...
Finished scanning sources
WARNING: [Project 1-229] Project 'times.xpr' is read-only and therefore could not be upgraded for this version of Vivado.  Use 'File | Save Project As...' if you wish to save an upgraded copy.
INFO: [IP_Flow 19-234] Refreshing IP repositories
INFO: [IP_Flow 19-1704] No user IP repositories specified
INFO: [IP_Flow 19-2313] Loaded Vivado IP repository 'D:/Xilinx/Vivado/2018.2/data/ip'.
open_project: Time (s): cpu = 00:00:17 ; elapsed = 00:00:13 . Memory (MB): peak = 865.531 ; gain = 124.199
update_compile_order -fileset sources_1
exit
INFO: [Common 17-206] Exiting Vivado at Tue Sep 18 19:10:15 2018...
